<?xml version="1.0" encoding="UTF-8"?>
<testng-results skipped="0" failed="0" total="1" passed="1">
  <reporter-output>
  </reporter-output>
  <suite name="Default suite" duration-ms="62" started-at="2020-08-03T03:34:00Z" finished-at="2020-08-03T03:34:00Z">
    <groups>
    </groups>
    <test name="Default test" duration-ms="62" started-at="2020-08-03T03:34:00Z" finished-at="2020-08-03T03:34:00Z">
      <class name="org.testing.TestScripts.TC1">
        <test-method status="PASS" signature="bdb()[pri:0, instance:org.testing.TestScripts.TC1@27efef64]" name="bdb" duration-ms="25" started-at="2020-08-02T20:34:00Z" finished-at="2020-08-02T20:34:00Z">
          <reporter-output>
          </reporter-output>
        </test-method> <!-- bdb -->
      </class> <!-- org.testing.TestScripts.TC1 -->
    </test> <!-- Default test -->
  </suite> <!-- Default suite -->
</testng-results>
